<?xml version="1.0" encoding="UTF-8"?>
<!-- Generated by org.testng.reporters.JUnitReportReporter -->
<testsuite skipped="0" hostname="Navdeep-Laptop" name="com.Tests.LoginTest" tests="2" failures="0" timestamp="03 Jul 2020 02:34:00 GMT" time="13.854" errors="0">
  <testcase name="Loginn" time="8.138" classname="com.Tests.LoginTest"/>
  <testcase name="CheckTitle" time="5.716" classname="com.Tests.LoginTest"/>
</testsuite> <!-- com.Tests.LoginTest -->
